  排序.c
C:\Users\666\Desktop\ProJect\221018\221018Test\排序.c(290,18): error C2065: “n”: 未声明的标识符
C:\Users\666\Desktop\ProJect\221018\221018Test\排序.c(291,9): error C2065: “i”: 未声明的标识符
C:\Users\666\Desktop\ProJect\221018\221018Test\排序.c(291,17): error C2065: “i”: 未声明的标识符
C:\Users\666\Desktop\ProJect\221018\221018Test\排序.c(292,20): error C2065: “n”: 未声明的标识符
C:\Users\666\Desktop\ProJect\221018\221018Test\排序.c(292,22): warning C4013: “tan”未定义；假设外部返回 int
C:\Users\666\Desktop\ProJect\221018\221018Test\排序.c(292,27): error C2065: “a”: 未声明的标识符
C:\Users\666\Desktop\ProJect\221018\221018Test\排序.c(292,39): error C2065: “k”: 未声明的标识符
C:\Users\666\Desktop\ProJect\221018\221018Test\排序.c(292,41): warning C4013: “sin”未定义；假设外部返回 int
C:\Users\666\Desktop\ProJect\221018\221018Test\排序.c(292,46): error C2065: “a”: 未声明的标识符
C:\Users\666\Desktop\ProJect\221018\221018Test\排序.c(292,59): error C2065: “pi”: 未声明的标识符
C:\Users\666\Desktop\ProJect\221018\221018Test\排序.c(292,66): error C2065: “a”: 未声明的标识符
C:\Users\666\Desktop\ProJect\221018\221018Test\排序.c(292,77): error C2065: “pi”: 未声明的标识符
C:\Users\666\Desktop\ProJect\221018\221018Test\排序.c(292,89): error C2065: “a”: 未声明的标识符
C:\Users\666\Desktop\ProJect\221018\221018Test\排序.c(293,31): error C2065: “k”: 未声明的标识符
C:\Users\666\Desktop\ProJect\221018\221018Test\排序.c(293,38): warning C4013: “cos”未定义；假设外部返回 int
C:\Users\666\Desktop\ProJect\221018\221018Test\排序.c(293,43): error C2065: “a”: 未声明的标识符
C:\Users\666\Desktop\ProJect\221018\221018Test\排序.c(295,16): error C2065: “k”: 未声明的标识符
C:\Users\666\Desktop\ProJect\221018\221018Test\排序.c(295,28): error C2065: “a”: 未声明的标识符
C:\Users\666\Desktop\ProJect\221018\221018Test\排序.c(297,5): error C2065: “k”: 未声明的标识符
C:\Users\666\Desktop\ProJect\221018\221018Test\排序.c(297,13): error C2065: “a”: 未声明的标识符
C:\Users\666\Desktop\ProJect\221018\221018Test\排序.c(297,28): error C2065: “pi”: 未声明的标识符
C:\Users\666\Desktop\ProJect\221018\221018Test\排序.c(297,35): error C2065: “a”: 未声明的标识符
C:\Users\666\Desktop\ProJect\221018\221018Test\排序.c(297,19): warning C4244: “+=”: 从“double”转换到“int”，可能丢失数据
C:\Users\666\Desktop\ProJect\221018\221018Test\排序.c(301,23): error C2065: “i”: 未声明的标识符
C:\Users\666\Desktop\ProJect\221018\221018Test\排序.c(301,26): error C2065: “n”: 未声明的标识符
